SF:lib/features/todos/external_interface/todo_collection_gateway.dart
DA:7,1
DA:9,1
DA:12,1
DA:14,2
DA:17,1
DA:19,1
DA:20,1
DA:21,2
DA:22,2
DA:30,2
DA:31,2
DA:35,2
DA:44,2
DA:46,1
DA:47,1
DA:48,1
DA:49,1
DA:55,2
LF:18
LH:18
end_of_record
SF:lib/features/todos/domain/home_entity.dart
DA:7,10
DA:17,1
DA:19,4
DA:22,2
DA:29,2
DA:30,2
DA:31,1
DA:32,2
LF:8
LH:8
end_of_record
SF:lib/features/todos/models/todo_model.dart
DA:5,4
DA:10,2
DA:13,14
DA:15,1
DA:16,2
LF:5
LH:5
end_of_record
SF:lib/features/todos/domain/home_ui_output.dart
DA:6,3
DA:16,2
DA:17,8
LF:3
LH:3
end_of_record
SF:lib/features/todos/domain/home_use_case.dart
DA:8,3
DA:9,6
DA:10,3
DA:13,1
DA:15,3
DA:18,2
DA:20,2
DA:21,3
DA:23,3
DA:24,1
DA:29,3
DA:36,3
DA:40,1
DA:41,1
DA:42,2
DA:43,1
DA:50,2
DA:52,2
DA:53,2
DA:54,2
DA:55,2
LF:21
LH:21
end_of_record
SF:lib/features/todos/external_interface/todo_external_interface.dart
DA:5,1
DA:6,2
DA:10,1
DA:12,1
LF:4
LH:4
end_of_record
SF:lib/providers.dart
DA:6,12
DA:8,3
DA:10,1
DA:11,1
DA:15,3
DA:17,1
DA:18,1
LF:7
LH:7
end_of_record
SF:lib/widgets/todo_card.dart
DA:8,2
DA:13,2
DA:15,2
DA:17,2
DA:18,2
DA:19,2
DA:21,2
DA:23,2
DA:24,2
DA:25,4
LF:10
LH:10
end_of_record
SF:lib/features/todos/presentation/home_presenter.dart
DA:11,2
DA:14,4
DA:16,1
DA:18,1
DA:21,1
DA:23,1
DA:24,1
DA:25,2
DA:26,1
DA:27,2
DA:28,2
DA:32,1
DA:34,1
DA:35,2
DA:36,1
DA:37,1
DA:38,2
LF:17
LH:17
end_of_record
SF:lib/features/todos/presentation/home_view_model.dart
DA:6,2
DA:21,1
DA:22,4
LF:3
LH:3
end_of_record
SF:lib/features/todos/presentation/home_ui.dart
DA:10,1
DA:12,1
DA:14,1
DA:17,1
DA:19,2
DA:22,1
DA:24,1
DA:25,2
DA:27,1
DA:28,1
DA:29,1
DA:31,1
DA:32,2
DA:35,1
DA:36,2
DA:38,1
DA:39,1
DA:40,1
DA:41,3
DA:43,4
DA:52,1
DA:53,1
DA:56,2
DA:66,1
DA:70,1
DA:72,1
DA:73,1
DA:74,1
DA:75,1
DA:77,3
DA:80,1
DA:81,1
LF:32
LH:32
end_of_record
